Build started 26/12/2014 15:32:25.
     1>Project "C:\Users\Rob\documents\visual studio 2010\Projects\Mastermind.c\Mastermind.c\Mastermind.c.vcxproj" on node 2 (build target(s)).
     1>InitializeBuildStatus:
         Creating "Debug\Mastermind.c.unsuccessfulbuild" because "AlwaysCreate" was specified.
       ClCompile:
         d:\Program Files (x86)\Microsoft Visual Studio 10.0\VC\bin\CL.exe /c /ZI /nologo /W3 /WX- /Od /Oy- /D _MBCS /Gm /EHsc /RTC1 /MDd /GS /fp:precise /Zc:wchar_t /Zc:forScope /Fo"Debug\\" /Fd"Debug\vc100.pdb" /Gd /TC /analyze- /errorReport:prompt GameIO.c
         GameIO.c
     1>c:\users\rob\documents\visual studio 2010\projects\mastermind.c\mastermind.c\gameio.c(6): warning C4996: 'fopen': This function or variable may be unsafe. Consider using fopen_s instead. To disable deprecation, use _CRT_SECURE_NO_WARNINGS. See online help for details.
                 d:\program files (x86)\microsoft visual studio 10.0\vc\include\stdio.h(234) : see declaration of 'fopen'
     1>c:\users\rob\documents\visual studio 2010\projects\mastermind.c\mastermind.c\gameio.c(16): warning C4996: 'fscanf': This function or variable may be unsafe. Consider using fscanf_s instead. To disable deprecation, use _CRT_SECURE_NO_WARNINGS. See online help for details.
                 d:\program files (x86)\microsoft visual studio 10.0\vc\include\stdio.h(253) : see declaration of 'fscanf'
     1>c:\users\rob\documents\visual studio 2010\projects\mastermind.c\mastermind.c\gameio.c(28): warning C4996: 'fopen': This function or variable may be unsafe. Consider using fopen_s instead. To disable deprecation, use _CRT_SECURE_NO_WARNINGS. See online help for details.
                 d:\program files (x86)\microsoft visual studio 10.0\vc\include\stdio.h(234) : see declaration of 'fopen'
       Link:
         d:\Program Files (x86)\Microsoft Visual Studio 10.0\VC\bin\link.exe /ERRORREPORT:PROMPT /OUT:"C:\Users\Rob\documents\visual studio 2010\Projects\Mastermind.c\Debug\Mastermind.c.exe" /NOLOGO kernel32.lib user32.lib gdi32.lib winspool.lib comdlg32.lib advapi32.lib shell32.lib ole32.lib oleaut32.lib uuid.lib odbc32.lib odbccp32.lib /MANIFEST /ManifestFile:"Debug\Mastermind.c.exe.intermediate.manifest" /MANIFESTUAC:"level='asInvoker' uiAccess='false'" /DEBUG /PDB:"C:\Users\Rob\documents\visual studio 2010\Projects\Mastermind.c\Debug\Mastermind.c.pdb" /TLBID:1 /DYNAMICBASE /NXCOMPAT /IMPLIB:"C:\Users\Rob\documents\visual studio 2010\Projects\Mastermind.c\Debug\Mastermind.c.lib" /MACHINE:X86 Debug\CompareGuess.obj
         Debug\GameBuilder.obj
         Debug\Game.obj
         Debug\GameIO.obj
         Debug\MainMenu.obj
         LINK : C:\Users\Rob\documents\visual studio 2010\Projects\Mastermind.c\Debug\Mastermind.c.exe not found or not built by the last incremental link; performing full link
         Mastermind.c.vcxproj -> C:\Users\Rob\documents\visual studio 2010\Projects\Mastermind.c\Debug\Mastermind.c.exe
       Manifest:
         C:\Program Files (x86)\Microsoft SDKs\Windows\v7.0A\bin\mt.exe /nologo /verbose /outputresource:"C:\Users\Rob\documents\visual studio 2010\Projects\Mastermind.c\Debug\Mastermind.c.exe;#1" /manifest Debug\Mastermind.c.exe.intermediate.manifest
       FinalizeBuildStatus:
         Deleting file "Debug\Mastermind.c.unsuccessfulbuild".
         Touching "Debug\Mastermind.c.lastbuildstate".
     1>Done Building Project "C:\Users\Rob\documents\visual studio 2010\Projects\Mastermind.c\Mastermind.c\Mastermind.c.vcxproj" (build target(s)).

Build succeeded.

Time Elapsed 00:00:00.89
