C:\USERS\ROB\DOCUMENTS\VISUAL STUDIO 2010\PROJECTS\MASTERMIND.C\DEBUG\MASTERMIND.C.EXE
C:\USERS\ROB\DOCUMENTS\VISUAL STUDIO 2010\PROJECTS\MASTERMIND.C\DEBUG\MASTERMIND.C.ILK
C:\USERS\ROB\DOCUMENTS\VISUAL STUDIO 2010\PROJECTS\MASTERMIND.C\DEBUG\MASTERMIND.C.PDB
C:\Users\Rob\documents\visual studio 2010\Projects\Mastermind.c\Mastermind.c\Debug\cl.command.1.tlog
C:\Users\Rob\documents\visual studio 2010\Projects\Mastermind.c\Mastermind.c\Debug\CL.read.1.tlog
C:\Users\Rob\documents\visual studio 2010\Projects\Mastermind.c\Mastermind.c\Debug\CL.write.1.tlog
C:\USERS\ROB\DOCUMENTS\VISUAL STUDIO 2010\PROJECTS\MASTERMIND.C\MASTERMIND.C\DEBUG\COMPAREGUESS.OBJ
C:\USERS\ROB\DOCUMENTS\VISUAL STUDIO 2010\PROJECTS\MASTERMIND.C\MASTERMIND.C\DEBUG\EASYBUILDER.OBJ
C:\USERS\ROB\DOCUMENTS\VISUAL STUDIO 2010\PROJECTS\MASTERMIND.C\MASTERMIND.C\DEBUG\GAME.OBJ
C:\USERS\ROB\DOCUMENTS\VISUAL STUDIO 2010\PROJECTS\MASTERMIND.C\MASTERMIND.C\DEBUG\GAMEBUILDER.OBJ
C:\Users\Rob\documents\visual studio 2010\Projects\Mastermind.c\Mastermind.c\Debug\link.command.1.tlog
C:\Users\Rob\documents\visual studio 2010\Projects\Mastermind.c\Mastermind.c\Debug\link.read.1.tlog
C:\Users\Rob\documents\visual studio 2010\Projects\Mastermind.c\Mastermind.c\Debug\link.write.1.tlog
C:\USERS\ROB\DOCUMENTS\VISUAL STUDIO 2010\PROJECTS\MASTERMIND.C\MASTERMIND.C\DEBUG\MAINMENU.OBJ
C:\USERS\ROB\DOCUMENTS\VISUAL STUDIO 2010\PROJECTS\MASTERMIND.C\MASTERMIND.C\DEBUG\MASTERMIND.C.EXE.INTERMEDIATE.MANIFEST
C:\Users\Rob\documents\visual studio 2010\Projects\Mastermind.c\Mastermind.c\Debug\Mastermind.c.vcxprojResolveAssemblyReference.cache
C:\Users\Rob\documents\visual studio 2010\Projects\Mastermind.c\Mastermind.c\Debug\Mastermind.c.write.1.tlog
C:\USERS\ROB\DOCUMENTS\VISUAL STUDIO 2010\PROJECTS\MASTERMIND.C\MASTERMIND.C\DEBUG\MEDIUMBUILDER.OBJ
C:\Users\Rob\documents\visual studio 2010\Projects\Mastermind.c\Mastermind.c\Debug\mt.command.1.tlog
C:\Users\Rob\documents\visual studio 2010\Projects\Mastermind.c\Mastermind.c\Debug\mt.read.1.tlog
C:\Users\Rob\documents\visual studio 2010\Projects\Mastermind.c\Mastermind.c\Debug\mt.write.1.tlog
C:\Users\Rob\documents\visual studio 2010\Projects\Mastermind.c\Mastermind.c\Debug\vc100.idb
C:\USERS\ROB\DOCUMENTS\VISUAL STUDIO 2010\PROJECTS\MASTERMIND.C\MASTERMIND.C\DEBUG\VC100.PDB
